{"C:\\Users\\annae\\OneDrive\\Documents\\תואר 1 מדעי המחשב\\web\\Assignment-2\\src\\index.ts": {"path":"C:\\Users\\annae\\OneDrive\\Documents\\תואר 1 מדעי המחשב\\web\\Assignment-2\\src\\index.ts","statementMap":{"0":{"start":{"line":1,"column":0},"end":{"line":1,"column":48}},"1":{"start":{"line":2,"column":0},"end":{"line":2,"column":32}},"2":{"start":{"line":3,"column":0},"end":{"line":3,"column":28}},"3":{"start":{"line":4,"column":0},"end":{"line":4,"column":36}},"4":{"start":{"line":5,"column":0},"end":{"line":5,"column":45}},"5":{"start":{"line":6,"column":0},"end":{"line":6,"column":51}},"6":{"start":{"line":7,"column":0},"end":{"line":7,"column":45}},"7":{"start":{"line":8,"column":0},"end":{"line":8,"column":45}},"8":{"start":{"line":9,"column":0},"end":{"line":9,"column":45}},"9":{"start":{"line":11,"column":12},"end":{"line":11,"column":21}},"10":{"start":{"line":13,"column":15},"end":{"line":53,"column":1}},"11":{"start":{"line":14,"column":2},"end":{"line":52,"column":5}},"12":{"start":{"line":15,"column":4},"end":{"line":15,"column":53}},"13":{"start":{"line":16,"column":4},"end":{"line":16,"column":28}},"14":{"start":{"line":18,"column":4},"end":{"line":26,"column":6}},"15":{"start":{"line":28,"column":4},"end":{"line":31,"column":7}},"16":{"start":{"line":29,"column":6},"end":{"line":29,"column":56}},"17":{"start":{"line":30,"column":6},"end":{"line":30,"column":22}},"18":{"start":{"line":33,"column":4},"end":{"line":33,"column":33}},"19":{"start":{"line":34,"column":4},"end":{"line":34,"column":39}},"20":{"start":{"line":35,"column":4},"end":{"line":35,"column":33}},"21":{"start":{"line":36,"column":4},"end":{"line":36,"column":33}},"22":{"start":{"line":38,"column":18},"end":{"line":38,"column":41}},"23":{"start":{"line":39,"column":4},"end":{"line":42,"column":5}},"24":{"start":{"line":40,"column":6},"end":{"line":40,"column":80}},"25":{"start":{"line":41,"column":6},"end":{"line":41,"column":61}},"26":{"start":{"line":44,"column":4},"end":{"line":47,"column":21}},"27":{"start":{"line":46,"column":18},"end":{"line":46,"column":30}},"28":{"start":{"line":49,"column":15},"end":{"line":49,"column":34}},"29":{"start":{"line":50,"column":4},"end":{"line":50,"column":52}},"30":{"start":{"line":50,"column":30},"end":{"line":50,"column":50}},"31":{"start":{"line":51,"column":4},"end":{"line":51,"column":63}},"32":{"start":{"line":51,"column":26},"end":{"line":51,"column":61}},"33":{"start":{"line":55,"column":13},"end":{"line":55,"column":45}},"34":{"start":{"line":56,"column":0},"end":{"line":67,"column":1}},"35":{"start":{"line":57,"column":2},"end":{"line":66,"column":7}},"36":{"start":{"line":59,"column":6},"end":{"line":61,"column":9}},"37":{"start":{"line":60,"column":8},"end":{"line":60,"column":66}},"38":{"start":{"line":64,"column":6},"end":{"line":64,"column":48}},"39":{"start":{"line":65,"column":6},"end":{"line":65,"column":22}},"40":{"start":{"line":69,"column":0},"end":{"line":69,"column":22}}},"fnMap":{"0":{"name":"(anonymous_1)","decl":{"start":{"line":13,"column":15},"end":{"line":13,"column":18}},"loc":{"start":{"line":13,"column":20},"end":{"line":53,"column":1}}},"1":{"name":"(anonymous_2)","decl":{"start":{"line":14,"column":30},"end":{"line":14,"column":31}},"loc":{"start":{"line":14,"column":50},"end":{"line":52,"column":3}}},"2":{"name":"(anonymous_3)","decl":{"start":{"line":28,"column":30},"end":{"line":28,"column":31}},"loc":{"start":{"line":28,"column":43},"end":{"line":31,"column":5}}},"3":{"name":"(anonymous_4)","decl":{"start":{"line":46,"column":12},"end":{"line":46,"column":15}},"loc":{"start":{"line":46,"column":18},"end":{"line":46,"column":30}}},"4":{"name":"(anonymous_5)","decl":{"start":{"line":50,"column":19},"end":{"line":50,"column":20}},"loc":{"start":{"line":50,"column":30},"end":{"line":50,"column":50}}},"5":{"name":"(anonymous_6)","decl":{"start":{"line":51,"column":20},"end":{"line":51,"column":23}},"loc":{"start":{"line":51,"column":26},"end":{"line":51,"column":61}}},"6":{"name":"(anonymous_7)","decl":{"start":{"line":58,"column":10},"end":{"line":58,"column":11}},"loc":{"start":{"line":58,"column":18},"end":{"line":62,"column":5}}},"7":{"name":"(anonymous_8)","decl":{"start":{"line":59,"column":23},"end":{"line":59,"column":26}},"loc":{"start":{"line":59,"column":28},"end":{"line":61,"column":7}}},"8":{"name":"(anonymous_9)","decl":{"start":{"line":63,"column":11},"end":{"line":63,"column":12}},"loc":{"start":{"line":63,"column":19},"end":{"line":66,"column":5}}}},"branchMap":{"0":{"loc":{"start":{"line":39,"column":4},"end":{"line":42,"column":5}},"type":"if","locations":[{"start":{"line":39,"column":4},"end":{"line":42,"column":5}},{"start":{},"end":{}}]},"1":{"loc":{"start":{"line":55,"column":20},"end":{"line":55,"column":44}},"type":"cond-expr","locations":[{"start":{"line":55,"column":36},"end":{"line":55,"column":40}},{"start":{"line":55,"column":40},"end":{"line":55,"column":44}}]},"2":{"loc":{"start":{"line":55,"column":20},"end":{"line":55,"column":40}},"type":"binary-expr","locations":[{"start":{"line":55,"column":20},"end":{"line":55,"column":40}},{"start":{"line":55,"column":36},"end":{"line":55,"column":40}}]},"3":{"loc":{"start":{"line":56,"column":0},"end":{"line":67,"column":1}},"type":"if","locations":[{"start":{"line":56,"column":0},"end":{"line":67,"column":1}},{"start":{},"end":{}}]}},"s":{"0":4,"1":4,"2":4,"3":4,"4":4,"5":4,"6":4,"7":4,"8":4,"9":4,"10":4,"11":4,"12":4,"13":4,"14":4,"15":4,"16":0,"17":0,"18":4,"19":4,"20":4,"21":4,"22":4,"23":4,"24":0,"25":0,"26":4,"27":4,"28":4,"29":4,"30":0,"31":4,"32":4,"33":4,"34":4,"35":0,"36":0,"37":0,"38":0,"39":0,"40":4},"f":{"0":4,"1":4,"2":0,"3":4,"4":0,"5":4,"6":0,"7":0,"8":0},"b":{"0":[0,4],"1":[4,0],"2":[4,4],"3":[0,4]}}
,"C:\\Users\\annae\\OneDrive\\Documents\\תואר 1 מדעי המחשב\\web\\Assignment-2\\src\\swagger.ts": {"path":"C:\\Users\\annae\\OneDrive\\Documents\\תואר 1 מדעי המחשב\\web\\Assignment-2\\src\\swagger.ts","statementMap":{"0":{"start":{"line":1,"column":0},"end":{"line":1,"column":41}},"1":{"start":{"line":2,"column":0},"end":{"line":2,"column":7}},"2":{"start":{"line":311,"column":16},"end":{"line":2,"column":43}},"3":{"start":{"line":4,"column":38},"end":{"line":307,"column":2}},"4":{"start":{"line":309,"column":14},"end":{"line":309,"column":35}},"5":{"start":{"line":311,"column":9},"end":{"line":311,"column":14}}},"fnMap":{},"branchMap":{"0":{"loc":{"start":{"line":19,"column":13},"end":{"line":19,"column":60}},"type":"binary-expr","locations":[{"start":{"line":19,"column":13},"end":{"line":19,"column":33}},{"start":{"line":19,"column":37},"end":{"line":19,"column":60}}]}},"s":{"0":4,"1":4,"2":4,"3":4,"4":4,"5":4},"f":{},"b":{"0":[4,4]}}
,"C:\\Users\\annae\\OneDrive\\Documents\\תואר 1 מדעי המחשב\\web\\Assignment-2\\src\\controllers\\authController.ts": {"path":"C:\\Users\\annae\\OneDrive\\Documents\\תואר 1 מדעי המחשב\\web\\Assignment-2\\src\\controllers\\authController.ts","statementMap":{"0":{"start":{"line":2,"column":0},"end":{"line":2,"column":48}},"1":{"start":{"line":3,"column":0},"end":{"line":3,"column":28}},"2":{"start":{"line":4,"column":0},"end":{"line":4,"column":47}},"3":{"start":{"line":6,"column":18},"end":{"line":8,"column":1}},"4":{"start":{"line":7,"column":4},"end":{"line":7,"column":45}},"5":{"start":{"line":15,"column":27},"end":{"line":38,"column":1}},"6":{"start":{"line":16,"column":27},"end":{"line":16,"column":64}},"7":{"start":{"line":17,"column":31},"end":{"line":17,"column":77}},"8":{"start":{"line":18,"column":38},"end":{"line":18,"column":93}},"9":{"start":{"line":19,"column":24},"end":{"line":22,"column":null}},"10":{"start":{"line":25,"column":35},"end":{"line":28,"column":6}},"11":{"start":{"line":30,"column":25},"end":{"line":33,"column":null}},"12":{"start":{"line":36,"column":4},"end":{"line":36,"column":41}},"13":{"start":{"line":39,"column":18},"end":{"line":68,"column":2}},"14":{"start":{"line":39,"column":56},"end":{"line":68,"column":2}},"15":{"start":{"line":40,"column":56},"end":{"line":40,"column":64}},"16":{"start":{"line":42,"column":4},"end":{"line":44,"column":5}},"17":{"start":{"line":43,"column":8},"end":{"line":43,"column":65}},"18":{"start":{"line":45,"column":4},"end":{"line":67,"column":5}},"19":{"start":{"line":46,"column":29},"end":{"line":46,"column":76}},"20":{"start":{"line":48,"column":8},"end":{"line":51,"column":9}},"21":{"start":{"line":49,"column":12},"end":{"line":49,"column":83}},"22":{"start":{"line":50,"column":12},"end":{"line":50,"column":19}},"23":{"start":{"line":54,"column":21},"end":{"line":54,"column":45}},"24":{"start":{"line":55,"column":34},"end":{"line":55,"column":67}},"25":{"start":{"line":57,"column":21},"end":{"line":57,"column":138}},"26":{"start":{"line":59,"column":27},"end":{"line":59,"column":66}},"27":{"start":{"line":61,"column":8},"end":{"line":61,"column":55}},"28":{"start":{"line":62,"column":8},"end":{"line":62,"column":26}},"29":{"start":{"line":64,"column":8},"end":{"line":64,"column":41}},"30":{"start":{"line":66,"column":8},"end":{"line":66,"column":53}},"31":{"start":{"line":169,"column":30},"end":{"line":169,"column":38}},"32":{"start":{"line":70,"column":15},"end":{"line":103,"column":2}},"33":{"start":{"line":70,"column":53},"end":{"line":103,"column":2}},"34":{"start":{"line":71,"column":32},"end":{"line":71,"column":40}},"35":{"start":{"line":73,"column":4},"end":{"line":75,"column":5}},"36":{"start":{"line":74,"column":8},"end":{"line":74,"column":65}},"37":{"start":{"line":77,"column":4},"end":{"line":102,"column":5}},"38":{"start":{"line":78,"column":21},"end":{"line":78,"column":55}},"39":{"start":{"line":79,"column":8},"end":{"line":81,"column":9}},"40":{"start":{"line":80,"column":12},"end":{"line":80,"column":63}},"41":{"start":{"line":83,"column":32},"end":{"line":83,"column":77}},"42":{"start":{"line":84,"column":8},"end":{"line":86,"column":9}},"43":{"start":{"line":85,"column":12},"end":{"line":85,"column":63}},"44":{"start":{"line":88,"column":27},"end":{"line":88,"column":66}},"45":{"start":{"line":90,"column":8},"end":{"line":90,"column":57}},"46":{"start":{"line":91,"column":8},"end":{"line":91,"column":26}},"47":{"start":{"line":93,"column":8},"end":{"line":99,"column":11}},"48":{"start":{"line":101,"column":8},"end":{"line":101,"column":46}},"49":{"start":{"line":169,"column":23},"end":{"line":169,"column":28}},"50":{"start":{"line":105,"column":21},"end":{"line":141,"column":2}},"51":{"start":{"line":105,"column":59},"end":{"line":141,"column":2}},"52":{"start":{"line":106,"column":29},"end":{"line":106,"column":37}},"53":{"start":{"line":108,"column":4},"end":{"line":110,"column":5}},"54":{"start":{"line":109,"column":8},"end":{"line":109,"column":59}},"55":{"start":{"line":112,"column":4},"end":{"line":140,"column":5}},"56":{"start":{"line":113,"column":31},"end":{"line":113,"column":68}},"57":{"start":{"line":114,"column":29},"end":{"line":114,"column":61}},"58":{"start":{"line":116,"column":21},"end":{"line":116,"column":58}},"59":{"start":{"line":117,"column":8},"end":{"line":119,"column":9}},"60":{"start":{"line":118,"column":12},"end":{"line":118,"column":59}},"61":{"start":{"line":121,"column":8},"end":{"line":125,"column":9}},"62":{"start":{"line":122,"column":12},"end":{"line":122,"column":36}},"63":{"start":{"line":123,"column":12},"end":{"line":123,"column":30}},"64":{"start":{"line":124,"column":12},"end":{"line":124,"column":59}},"65":{"start":{"line":128,"column":35},"end":{"line":128,"column":74}},"66":{"start":{"line":129,"column":8},"end":{"line":129,"column":65}},"67":{"start":{"line":130,"column":8},"end":{"line":130,"column":116}},"68":{"start":{"line":130,"column":78},"end":{"line":130,"column":114}},"69":{"start":{"line":131,"column":8},"end":{"line":131,"column":26}},"70":{"start":{"line":133,"column":8},"end":{"line":137,"column":7}},"71":{"start":{"line":139,"column":8},"end":{"line":139,"column":55}},"72":{"start":{"line":169,"column":9},"end":{"line":169,"column":21}},"73":{"start":{"line":143,"column":16},"end":{"line":167,"column":2}},"74":{"start":{"line":143,"column":54},"end":{"line":167,"column":2}},"75":{"start":{"line":144,"column":29},"end":{"line":144,"column":37}},"76":{"start":{"line":146,"column":4},"end":{"line":148,"column":5}},"77":{"start":{"line":147,"column":8},"end":{"line":147,"column":59}},"78":{"start":{"line":150,"column":4},"end":{"line":166,"column":5}},"79":{"start":{"line":151,"column":31},"end":{"line":151,"column":68}},"80":{"start":{"line":152,"column":29},"end":{"line":152,"column":61}},"81":{"start":{"line":154,"column":21},"end":{"line":154,"column":58}},"82":{"start":{"line":155,"column":8},"end":{"line":157,"column":9}},"83":{"start":{"line":156,"column":12},"end":{"line":156,"column":59}},"84":{"start":{"line":160,"column":8},"end":{"line":160,"column":116}},"85":{"start":{"line":160,"column":78},"end":{"line":160,"column":114}},"86":{"start":{"line":161,"column":8},"end":{"line":161,"column":26}},"87":{"start":{"line":163,"column":8},"end":{"line":163,"column":69}},"88":{"start":{"line":165,"column":8},"end":{"line":165,"column":55}},"89":{"start":{"line":169,"column":40},"end":{"line":169,"column":46}}},"fnMap":{"0":{"name":"(anonymous_8)","decl":{"start":{"line":6,"column":18},"end":{"line":6,"column":19}},"loc":{"start":{"line":6,"column":53},"end":{"line":8,"column":1}}},"1":{"name":"(anonymous_9)","decl":{"start":{"line":15,"column":27},"end":{"line":15,"column":28}},"loc":{"start":{"line":15,"column":54},"end":{"line":38,"column":1}}},"2":{"name":"(anonymous_10)","decl":{"start":{"line":39,"column":18},"end":{"line":39,"column":25}},"loc":{"start":{"line":39,"column":56},"end":{"line":68,"column":2}}},"3":{"name":"(anonymous_11)","decl":{"start":{"line":39,"column":56},"end":{"line":39,"column":null}},"loc":{"start":{"line":39,"column":56},"end":{"line":68,"column":1}}},"4":{"name":"(anonymous_12)","decl":{"start":{"line":70,"column":15},"end":{"line":70,"column":22}},"loc":{"start":{"line":70,"column":53},"end":{"line":103,"column":2}}},"5":{"name":"(anonymous_13)","decl":{"start":{"line":70,"column":53},"end":{"line":70,"column":null}},"loc":{"start":{"line":70,"column":53},"end":{"line":103,"column":1}}},"6":{"name":"(anonymous_14)","decl":{"start":{"line":105,"column":21},"end":{"line":105,"column":28}},"loc":{"start":{"line":105,"column":59},"end":{"line":141,"column":2}}},"7":{"name":"(anonymous_15)","decl":{"start":{"line":105,"column":59},"end":{"line":105,"column":null}},"loc":{"start":{"line":105,"column":59},"end":{"line":141,"column":1}}},"8":{"name":"(anonymous_16)","decl":{"start":{"line":130,"column":55},"end":{"line":130,"column":74}},"loc":{"start":{"line":130,"column":78},"end":{"line":130,"column":114}}},"9":{"name":"(anonymous_17)","decl":{"start":{"line":143,"column":16},"end":{"line":143,"column":23}},"loc":{"start":{"line":143,"column":54},"end":{"line":167,"column":2}}},"10":{"name":"(anonymous_18)","decl":{"start":{"line":143,"column":54},"end":{"line":143,"column":null}},"loc":{"start":{"line":143,"column":54},"end":{"line":167,"column":1}}},"11":{"name":"(anonymous_19)","decl":{"start":{"line":160,"column":55},"end":{"line":160,"column":74}},"loc":{"start":{"line":160,"column":78},"end":{"line":160,"column":114}}}},"branchMap":{"0":{"loc":{"start":{"line":16,"column":27},"end":{"line":16,"column":64}},"type":"binary-expr","locations":[{"start":{"line":16,"column":27},"end":{"line":16,"column":49}},{"start":{"line":16,"column":53},"end":{"line":16,"column":64}}]},"1":{"loc":{"start":{"line":17,"column":40},"end":{"line":17,"column":76}},"type":"binary-expr","locations":[{"start":{"line":17,"column":40},"end":{"line":17,"column":66}},{"start":{"line":17,"column":70},"end":{"line":17,"column":76}}]},"2":{"loc":{"start":{"line":18,"column":47},"end":{"line":18,"column":92}},"type":"binary-expr","locations":[{"start":{"line":18,"column":47},"end":{"line":18,"column":81}},{"start":{"line":18,"column":85},"end":{"line":18,"column":92}}]},"3":{"loc":{"start":{"line":42,"column":4},"end":{"line":44,"column":5}},"type":"if","locations":[{"start":{"line":42,"column":4},"end":{"line":44,"column":5}},{"start":{},"end":{}}]},"4":{"loc":{"start":{"line":42,"column":8},"end":{"line":42,"column":27}},"type":"binary-expr","locations":[{"start":{"line":42,"column":8},"end":{"line":42,"column":14}},{"start":{"line":42,"column":18},"end":{"line":42,"column":27}}]},"5":{"loc":{"start":{"line":48,"column":8},"end":{"line":51,"column":9}},"type":"if","locations":[{"start":{"line":48,"column":8},"end":{"line":51,"column":9}},{"start":{},"end":{}}]},"6":{"loc":{"start":{"line":73,"column":4},"end":{"line":75,"column":5}},"type":"if","locations":[{"start":{"line":73,"column":4},"end":{"line":75,"column":5}},{"start":{},"end":{}}]},"7":{"loc":{"start":{"line":73,"column":8},"end":{"line":73,"column":27}},"type":"binary-expr","locations":[{"start":{"line":73,"column":8},"end":{"line":73,"column":14}},{"start":{"line":73,"column":18},"end":{"line":73,"column":27}}]},"8":{"loc":{"start":{"line":79,"column":8},"end":{"line":81,"column":9}},"type":"if","locations":[{"start":{"line":79,"column":8},"end":{"line":81,"column":9}},{"start":{},"end":{}}]},"9":{"loc":{"start":{"line":84,"column":8},"end":{"line":86,"column":9}},"type":"if","locations":[{"start":{"line":84,"column":8},"end":{"line":86,"column":9}},{"start":{},"end":{}}]},"10":{"loc":{"start":{"line":108,"column":4},"end":{"line":110,"column":5}},"type":"if","locations":[{"start":{"line":108,"column":4},"end":{"line":110,"column":5}},{"start":{},"end":{}}]},"11":{"loc":{"start":{"line":113,"column":31},"end":{"line":113,"column":68}},"type":"binary-expr","locations":[{"start":{"line":113,"column":31},"end":{"line":113,"column":53}},{"start":{"line":113,"column":57},"end":{"line":113,"column":68}}]},"12":{"loc":{"start":{"line":117,"column":8},"end":{"line":119,"column":9}},"type":"if","locations":[{"start":{"line":117,"column":8},"end":{"line":119,"column":9}},{"start":{},"end":{}}]},"13":{"loc":{"start":{"line":121,"column":8},"end":{"line":125,"column":9}},"type":"if","locations":[{"start":{"line":121,"column":8},"end":{"line":125,"column":9}},{"start":{},"end":{}}]},"14":{"loc":{"start":{"line":146,"column":4},"end":{"line":148,"column":5}},"type":"if","locations":[{"start":{"line":146,"column":4},"end":{"line":148,"column":5}},{"start":{},"end":{}}]},"15":{"loc":{"start":{"line":151,"column":31},"end":{"line":151,"column":68}},"type":"binary-expr","locations":[{"start":{"line":151,"column":31},"end":{"line":151,"column":53}},{"start":{"line":151,"column":57},"end":{"line":151,"column":68}}]},"16":{"loc":{"start":{"line":155,"column":8},"end":{"line":157,"column":9}},"type":"if","locations":[{"start":{"line":155,"column":8},"end":{"line":157,"column":9}},{"start":{},"end":{}}]}},"s":{"0":4,"1":4,"2":4,"3":4,"4":13,"5":4,"6":9,"7":9,"8":9,"9":9,"10":9,"11":9,"12":9,"13":4,"14":11,"15":11,"16":11,"17":3,"18":8,"19":8,"20":8,"21":1,"22":1,"23":7,"24":7,"25":7,"26":7,"27":7,"28":7,"29":7,"30":0,"31":4,"32":4,"33":7,"34":7,"35":7,"36":3,"37":4,"38":4,"39":4,"40":2,"41":2,"42":2,"43":1,"44":1,"45":1,"46":1,"47":1,"48":0,"49":4,"50":4,"51":3,"52":3,"53":3,"54":1,"55":2,"56":2,"57":2,"58":1,"59":1,"60":0,"61":1,"62":0,"63":0,"64":0,"65":1,"66":1,"67":1,"68":2,"69":1,"70":1,"71":1,"72":4,"73":4,"74":3,"75":3,"76":3,"77":1,"78":2,"79":2,"80":2,"81":1,"82":1,"83":0,"84":1,"85":1,"86":1,"87":1,"88":1,"89":4},"f":{"0":13,"1":9,"2":11,"3":11,"4":7,"5":7,"6":3,"7":3,"8":2,"9":3,"10":3,"11":1},"b":{"0":[9,9],"1":[9,9],"2":[9,9],"3":[3,8],"4":[11,9],"5":[1,7],"6":[3,4],"7":[7,5],"8":[2,2],"9":[1,1],"10":[1,2],"11":[2,2],"12":[0,1],"13":[0,1],"14":[1,2],"15":[2,2],"16":[0,1]}}
,"C:\\Users\\annae\\OneDrive\\Documents\\תואר 1 מדעי המחשב\\web\\Assignment-2\\src\\controllers\\commentController.ts": {"path":"C:\\Users\\annae\\OneDrive\\Documents\\תואר 1 מדעי המחשב\\web\\Assignment-2\\src\\controllers\\commentController.ts","statementMap":{"0":{"start":{"line":1,"column":0},"end":{"line":1,"column":69}},"1":{"start":{"line":2,"column":0},"end":{"line":2,"column":52}},"2":{"start":{"line":7,"column":4},"end":{"line":7,"column":24}},"3":{"start":{"line":11,"column":0},"end":{"line":11,"column":39}}},"fnMap":{"0":{"name":"(anonymous_1)","decl":{"start":{"line":6,"column":2},"end":{"line":6,"column":null}},"loc":{"start":{"line":6,"column":2},"end":{"line":8,"column":3}}}},"branchMap":{},"s":{"0":4,"1":4,"2":4,"3":4},"f":{"0":4},"b":{}}
,"C:\\Users\\annae\\OneDrive\\Documents\\תואר 1 מדעי המחשב\\web\\Assignment-2\\src\\controllers\\genericController.ts": {"path":"C:\\Users\\annae\\OneDrive\\Documents\\תואר 1 מדעי המחשב\\web\\Assignment-2\\src\\controllers\\genericController.ts","statementMap":{"0":{"start":{"line":3,"column":0},"end":{"line":3,"column":31}},"1":{"start":{"line":9,"column":4},"end":{"line":9,"column":27}},"2":{"start":{"line":13,"column":16},"end":{"line":13,"column":24}},"3":{"start":{"line":14,"column":4},"end":{"line":22,"column":5}},"4":{"start":{"line":15,"column":23},"end":{"line":15,"column":51}},"5":{"start":{"line":16,"column":6},"end":{"line":16,"column":37}},"6":{"start":{"line":18,"column":6},"end":{"line":21,"column":9}},"7":{"start":{"line":26,"column":15},"end":{"line":26,"column":29}},"8":{"start":{"line":27,"column":16},"end":{"line":27,"column":38}},"9":{"start":{"line":29,"column":4},"end":{"line":44,"column":5}},"10":{"start":{"line":30,"column":22},"end":{"line":32,"column":8}},"11":{"start":{"line":34,"column":6},"end":{"line":36,"column":7}},"12":{"start":{"line":35,"column":8},"end":{"line":35,"column":79}},"13":{"start":{"line":38,"column":6},"end":{"line":38,"column":36}},"14":{"start":{"line":40,"column":6},"end":{"line":43,"column":9}},"15":{"start":{"line":48,"column":19},"end":{"line":48,"column":28}},"16":{"start":{"line":49,"column":4},"end":{"line":74,"column":5}},"17":{"start":{"line":50,"column":6},"end":{"line":64,"column":7}},"18":{"start":{"line":51,"column":21},"end":{"line":51,"column":50}},"19":{"start":{"line":52,"column":8},"end":{"line":56,"column":9}},"20":{"start":{"line":53,"column":10},"end":{"line":55,"column":80}},"21":{"start":{"line":57,"column":8},"end":{"line":57,"column":35}},"22":{"start":{"line":59,"column":21},"end":{"line":59,"column":44}},"23":{"start":{"line":60,"column":8},"end":{"line":62,"column":9}},"24":{"start":{"line":61,"column":10},"end":{"line":61,"column":67}},"25":{"start":{"line":63,"column":8},"end":{"line":63,"column":35}},"26":{"start":{"line":66,"column":6},"end":{"line":73,"column":11}},"27":{"start":{"line":78,"column":15},"end":{"line":78,"column":29}},"28":{"start":{"line":79,"column":4},"end":{"line":95,"column":5}},"29":{"start":{"line":80,"column":19},"end":{"line":80,"column":48}},"30":{"start":{"line":81,"column":6},"end":{"line":85,"column":7}},"31":{"start":{"line":82,"column":8},"end":{"line":82,"column":79}},"32":{"start":{"line":84,"column":8},"end":{"line":84,"column":35}},"33":{"start":{"line":87,"column":6},"end":{"line":94,"column":11}},"34":{"start":{"line":99,"column":15},"end":{"line":99,"column":29}},"35":{"start":{"line":100,"column":4},"end":{"line":117,"column":5}},"36":{"start":{"line":101,"column":23},"end":{"line":101,"column":61}},"37":{"start":{"line":103,"column":6},"end":{"line":105,"column":7}},"38":{"start":{"line":104,"column":8},"end":{"line":104,"column":79}},"39":{"start":{"line":107,"column":6},"end":{"line":107,"column":37}},"40":{"start":{"line":109,"column":6},"end":{"line":116,"column":11}},"41":{"start":{"line":120,"column":0},"end":{"line":120,"column":33}}},"fnMap":{"0":{"name":"(anonymous_7)","decl":{"start":{"line":8,"column":2},"end":{"line":8,"column":14}},"loc":{"start":{"line":8,"column":28},"end":{"line":10,"column":3}}},"1":{"name":"(anonymous_8)","decl":{"start":{"line":12,"column":8},"end":{"line":12,"column":14}},"loc":{"start":{"line":12,"column":42},"end":{"line":23,"column":null}}},"2":{"name":"(anonymous_10)","decl":{"start":{"line":25,"column":8},"end":{"line":25,"column":14}},"loc":{"start":{"line":25,"column":42},"end":{"line":45,"column":null}}},"3":{"name":"(anonymous_12)","decl":{"start":{"line":47,"column":8},"end":{"line":47,"column":11}},"loc":{"start":{"line":47,"column":39},"end":{"line":75,"column":null}}},"4":{"name":"(anonymous_14)","decl":{"start":{"line":77,"column":8},"end":{"line":77,"column":15}},"loc":{"start":{"line":77,"column":43},"end":{"line":96,"column":null}}},"5":{"name":"(anonymous_16)","decl":{"start":{"line":98,"column":8},"end":{"line":98,"column":14}},"loc":{"start":{"line":98,"column":42},"end":{"line":118,"column":null}}}},"branchMap":{"0":{"loc":{"start":{"line":20,"column":10},"end":{"line":20,"column":78}},"type":"cond-expr","locations":[{"start":{"line":20,"column":35},"end":{"line":20,"column":48}},{"start":{"line":20,"column":51},"end":{"line":20,"column":78}}]},"1":{"loc":{"start":{"line":34,"column":6},"end":{"line":36,"column":7}},"type":"if","locations":[{"start":{"line":34,"column":6},"end":{"line":36,"column":7}},{"start":{},"end":{}}]},"2":{"loc":{"start":{"line":42,"column":10},"end":{"line":42,"column":78}},"type":"cond-expr","locations":[{"start":{"line":42,"column":35},"end":{"line":42,"column":48}},{"start":{"line":42,"column":51},"end":{"line":42,"column":78}}]},"3":{"loc":{"start":{"line":50,"column":6},"end":{"line":64,"column":7}},"type":"if","locations":[{"start":{"line":50,"column":6},"end":{"line":64,"column":7}},{"start":{"line":58,"column":13},"end":{"line":64,"column":7}}]},"4":{"loc":{"start":{"line":52,"column":8},"end":{"line":56,"column":9}},"type":"if","locations":[{"start":{"line":52,"column":8},"end":{"line":56,"column":9}},{"start":{},"end":{}}]},"5":{"loc":{"start":{"line":52,"column":12},"end":{"line":52,"column":38}},"type":"binary-expr","locations":[{"start":{"line":52,"column":12},"end":{"line":52,"column":17}},{"start":{"line":52,"column":21},"end":{"line":52,"column":38}}]},"6":{"loc":{"start":{"line":60,"column":8},"end":{"line":62,"column":9}},"type":"if","locations":[{"start":{"line":60,"column":8},"end":{"line":62,"column":9}},{"start":{},"end":{}}]},"7":{"loc":{"start":{"line":60,"column":12},"end":{"line":60,"column":38}},"type":"binary-expr","locations":[{"start":{"line":60,"column":12},"end":{"line":60,"column":17}},{"start":{"line":60,"column":21},"end":{"line":60,"column":38}}]},"8":{"loc":{"start":{"line":70,"column":12},"end":{"line":72,"column":43}},"type":"cond-expr","locations":[{"start":{"line":71,"column":16},"end":{"line":71,"column":29}},{"start":{"line":72,"column":16},"end":{"line":72,"column":43}}]},"9":{"loc":{"start":{"line":81,"column":6},"end":{"line":85,"column":7}},"type":"if","locations":[{"start":{"line":81,"column":6},"end":{"line":85,"column":7}},{"start":{"line":83,"column":13},"end":{"line":85,"column":7}}]},"10":{"loc":{"start":{"line":91,"column":12},"end":{"line":93,"column":43}},"type":"cond-expr","locations":[{"start":{"line":92,"column":16},"end":{"line":92,"column":29}},{"start":{"line":93,"column":16},"end":{"line":93,"column":43}}]},"11":{"loc":{"start":{"line":103,"column":6},"end":{"line":105,"column":7}},"type":"if","locations":[{"start":{"line":103,"column":6},"end":{"line":105,"column":7}},{"start":{},"end":{}}]},"12":{"loc":{"start":{"line":113,"column":12},"end":{"line":115,"column":43}},"type":"cond-expr","locations":[{"start":{"line":114,"column":16},"end":{"line":114,"column":29}},{"start":{"line":115,"column":16},"end":{"line":115,"column":43}}]}},"s":{"0":4,"1":12,"2":32,"3":32,"4":32,"5":32,"6":0,"7":3,"8":3,"9":3,"10":3,"11":3,"12":1,"13":2,"14":0,"15":7,"16":7,"17":7,"18":3,"19":3,"20":1,"21":2,"22":4,"23":4,"24":1,"25":3,"26":0,"27":5,"28":5,"29":5,"30":5,"31":2,"32":3,"33":0,"34":3,"35":3,"36":3,"37":3,"38":1,"39":2,"40":0,"41":4},"f":{"0":12,"1":32,"2":3,"3":7,"4":5,"5":3},"b":{"0":[0,0],"1":[1,2],"2":[0,0],"3":[3,4],"4":[1,2],"5":[3,3],"6":[1,3],"7":[4,4],"8":[0,0],"9":[2,3],"10":[0,0],"11":[1,2],"12":[0,0]}}
,"C:\\Users\\annae\\OneDrive\\Documents\\תואר 1 מדעי המחשב\\web\\Assignment-2\\src\\controllers\\postController.ts": {"path":"C:\\Users\\annae\\OneDrive\\Documents\\תואר 1 מדעי המחשב\\web\\Assignment-2\\src\\controllers\\postController.ts","statementMap":{"0":{"start":{"line":1,"column":0},"end":{"line":1,"column":60}},"1":{"start":{"line":2,"column":0},"end":{"line":2,"column":52}},"2":{"start":{"line":6,"column":4},"end":{"line":6,"column":21}},"3":{"start":{"line":10,"column":0},"end":{"line":10,"column":36}}},"fnMap":{"0":{"name":"(anonymous_1)","decl":{"start":{"line":5,"column":2},"end":{"line":5,"column":null}},"loc":{"start":{"line":5,"column":2},"end":{"line":7,"column":3}}}},"branchMap":{},"s":{"0":4,"1":4,"2":4,"3":4},"f":{"0":4},"b":{}}
,"C:\\Users\\annae\\OneDrive\\Documents\\תואר 1 מדעי המחשב\\web\\Assignment-2\\src\\controllers\\userController.ts": {"path":"C:\\Users\\annae\\OneDrive\\Documents\\תואר 1 מדעי המחשב\\web\\Assignment-2\\src\\controllers\\userController.ts","statementMap":{"0":{"start":{"line":2,"column":0},"end":{"line":2,"column":60}},"1":{"start":{"line":3,"column":0},"end":{"line":3,"column":52}},"2":{"start":{"line":7,"column":4},"end":{"line":7,"column":21}},"3":{"start":{"line":11,"column":15},"end":{"line":11,"column":29}},"4":{"start":{"line":12,"column":56},"end":{"line":12,"column":64}},"5":{"start":{"line":14,"column":4},"end":{"line":48,"column":5}},"6":{"start":{"line":15,"column":6},"end":{"line":17,"column":7}},"7":{"start":{"line":16,"column":8},"end":{"line":16,"column":74}},"8":{"start":{"line":19,"column":6},"end":{"line":28,"column":7}},"9":{"start":{"line":20,"column":29},"end":{"line":23,"column":10}},"10":{"start":{"line":25,"column":8},"end":{"line":27,"column":9}},"11":{"start":{"line":26,"column":10},"end":{"line":26,"column":76}},"12":{"start":{"line":30,"column":26},"end":{"line":36,"column":28}},"13":{"start":{"line":38,"column":6},"end":{"line":40,"column":7}},"14":{"start":{"line":39,"column":8},"end":{"line":39,"column":79}},"15":{"start":{"line":42,"column":6},"end":{"line":42,"column":47}},"16":{"start":{"line":44,"column":6},"end":{"line":47,"column":9}},"17":{"start":{"line":52,"column":0},"end":{"line":52,"column":36}}},"fnMap":{"0":{"name":"(anonymous_8)","decl":{"start":{"line":6,"column":2},"end":{"line":6,"column":null}},"loc":{"start":{"line":6,"column":2},"end":{"line":8,"column":3}}},"1":{"name":"(anonymous_9)","decl":{"start":{"line":10,"column":8},"end":{"line":10,"column":14}},"loc":{"start":{"line":10,"column":42},"end":{"line":49,"column":null}}}},"branchMap":{"0":{"loc":{"start":{"line":15,"column":6},"end":{"line":17,"column":7}},"type":"if","locations":[{"start":{"line":15,"column":6},"end":{"line":17,"column":7}},{"start":{},"end":{}}]},"1":{"loc":{"start":{"line":19,"column":6},"end":{"line":28,"column":7}},"type":"if","locations":[{"start":{"line":19,"column":6},"end":{"line":28,"column":7}},{"start":{},"end":{}}]},"2":{"loc":{"start":{"line":25,"column":8},"end":{"line":27,"column":9}},"type":"if","locations":[{"start":{"line":25,"column":8},"end":{"line":27,"column":9}},{"start":{},"end":{}}]},"3":{"loc":{"start":{"line":38,"column":6},"end":{"line":40,"column":7}},"type":"if","locations":[{"start":{"line":38,"column":6},"end":{"line":40,"column":7}},{"start":{},"end":{}}]},"4":{"loc":{"start":{"line":46,"column":10},"end":{"line":46,"column":78}},"type":"cond-expr","locations":[{"start":{"line":46,"column":35},"end":{"line":46,"column":48}},{"start":{"line":46,"column":51},"end":{"line":46,"column":78}}]}},"s":{"0":4,"1":4,"2":4,"3":1,"4":1,"5":1,"6":1,"7":0,"8":1,"9":1,"10":1,"11":0,"12":1,"13":1,"14":0,"15":1,"16":0,"17":4},"f":{"0":4,"1":1},"b":{"0":[0,1],"1":[1,0],"2":[0,1],"3":[0,1],"4":[0,0]}}
,"C:\\Users\\annae\\OneDrive\\Documents\\תואר 1 מדעי המחשב\\web\\Assignment-2\\src\\models\\commentModel.ts": {"path":"C:\\Users\\annae\\OneDrive\\Documents\\תואר 1 מדעי המחשב\\web\\Assignment-2\\src\\models\\commentModel.ts","statementMap":{"0":{"start":{"line":1,"column":0},"end":{"line":1,"column":32}},"1":{"start":{"line":10,"column":22},"end":{"line":23,"column":2}},"2":{"start":{"line":25,"column":21},"end":{"line":25,"column":61}},"3":{"start":{"line":27,"column":9},"end":{"line":27,"column":21}}},"fnMap":{},"branchMap":{},"s":{"0":4,"1":4,"2":4,"3":4},"f":{},"b":{}}
,"C:\\Users\\annae\\OneDrive\\Documents\\תואר 1 מדעי המחשב\\web\\Assignment-2\\src\\models\\postModel.ts": {"path":"C:\\Users\\annae\\OneDrive\\Documents\\תואר 1 מדעי המחשב\\web\\Assignment-2\\src\\models\\postModel.ts","statementMap":{"0":{"start":{"line":1,"column":0},"end":{"line":1,"column":32}},"1":{"start":{"line":9,"column":19},"end":{"line":18,"column":2}},"2":{"start":{"line":20,"column":18},"end":{"line":20,"column":52}},"3":{"start":{"line":21,"column":9},"end":{"line":21,"column":18}}},"fnMap":{},"branchMap":{},"s":{"0":4,"1":4,"2":4,"3":4},"f":{},"b":{}}
,"C:\\Users\\annae\\OneDrive\\Documents\\תואר 1 מדעי המחשב\\web\\Assignment-2\\src\\models\\userModel.ts": {"path":"C:\\Users\\annae\\OneDrive\\Documents\\תואר 1 מדעי המחשב\\web\\Assignment-2\\src\\models\\userModel.ts","statementMap":{"0":{"start":{"line":1,"column":0},"end":{"line":1,"column":32}},"1":{"start":{"line":12,"column":19},"end":{"line":33,"column":2}},"2":{"start":{"line":35,"column":18},"end":{"line":35,"column":52}},"3":{"start":{"line":36,"column":9},"end":{"line":36,"column":18}}},"fnMap":{},"branchMap":{},"s":{"0":4,"1":4,"2":4,"3":4},"f":{},"b":{}}
,"C:\\Users\\annae\\OneDrive\\Documents\\תואר 1 מדעי המחשב\\web\\Assignment-2\\src\\routes\\authRoutes.ts": {"path":"C:\\Users\\annae\\OneDrive\\Documents\\תואר 1 מדעי המחשב\\web\\Assignment-2\\src\\routes\\authRoutes.ts","statementMap":{"0":{"start":{"line":1,"column":0},"end":{"line":1,"column":30}},"1":{"start":{"line":2,"column":0},"end":{"line":2,"column":86}},"2":{"start":{"line":4,"column":15},"end":{"line":4,"column":31}},"3":{"start":{"line":37,"column":0},"end":{"line":37,"column":35}},"4":{"start":{"line":63,"column":0},"end":{"line":63,"column":29}},"5":{"start":{"line":90,"column":0},"end":{"line":90,"column":31}},"6":{"start":{"line":121,"column":0},"end":{"line":121,"column":44}},"7":{"start":{"line":123,"column":0},"end":{"line":123,"column":22}}},"fnMap":{},"branchMap":{},"s":{"0":4,"1":4,"2":4,"3":4,"4":4,"5":4,"6":4,"7":4},"f":{},"b":{}}
,"C:\\Users\\annae\\OneDrive\\Documents\\תואר 1 מדעי המחשב\\web\\Assignment-2\\src\\routes\\commentRoutes.ts": {"path":"C:\\Users\\annae\\OneDrive\\Documents\\תואר 1 מדעי המחשב\\web\\Assignment-2\\src\\routes\\commentRoutes.ts","statementMap":{"0":{"start":{"line":1,"column":0},"end":{"line":1,"column":30}},"1":{"start":{"line":2,"column":15},"end":{"line":2,"column":31}},"2":{"start":{"line":3,"column":0},"end":{"line":3,"column":65}},"3":{"start":{"line":34,"column":0},"end":{"line":34,"column":67}},"4":{"start":{"line":57,"column":0},"end":{"line":57,"column":73}},"5":{"start":{"line":90,"column":0},"end":{"line":90,"column":70}},"6":{"start":{"line":121,"column":0},"end":{"line":121,"column":63}},"7":{"start":{"line":148,"column":0},"end":{"line":148,"column":71}},"8":{"start":{"line":150,"column":0},"end":{"line":150,"column":22}}},"fnMap":{},"branchMap":{},"s":{"0":4,"1":4,"2":4,"3":4,"4":4,"5":4,"6":4,"7":4,"8":4},"f":{},"b":{}}
,"C:\\Users\\annae\\OneDrive\\Documents\\תואר 1 מדעי המחשב\\web\\Assignment-2\\src\\routes\\postRoutes.ts": {"path":"C:\\Users\\annae\\OneDrive\\Documents\\תואר 1 מדעי המחשב\\web\\Assignment-2\\src\\routes\\postRoutes.ts","statementMap":{"0":{"start":{"line":1,"column":0},"end":{"line":1,"column":30}},"1":{"start":{"line":2,"column":0},"end":{"line":2,"column":59}},"2":{"start":{"line":4,"column":15},"end":{"line":4,"column":31}},"3":{"start":{"line":35,"column":0},"end":{"line":35,"column":61}},"4":{"start":{"line":58,"column":0},"end":{"line":58,"column":67}},"5":{"start":{"line":91,"column":0},"end":{"line":91,"column":64}},"6":{"start":{"line":117,"column":0},"end":{"line":117,"column":57}},"7":{"start":{"line":144,"column":0},"end":{"line":144,"column":65}},"8":{"start":{"line":146,"column":0},"end":{"line":146,"column":22}}},"fnMap":{},"branchMap":{},"s":{"0":4,"1":4,"2":4,"3":4,"4":4,"5":4,"6":4,"7":4,"8":4},"f":{},"b":{}}
,"C:\\Users\\annae\\OneDrive\\Documents\\תואר 1 מדעי המחשב\\web\\Assignment-2\\src\\routes\\userRoutes.ts": {"path":"C:\\Users\\annae\\OneDrive\\Documents\\תואר 1 מדעי המחשב\\web\\Assignment-2\\src\\routes\\userRoutes.ts","statementMap":{"0":{"start":{"line":1,"column":0},"end":{"line":1,"column":30}},"1":{"start":{"line":2,"column":15},"end":{"line":2,"column":31}},"2":{"start":{"line":3,"column":0},"end":{"line":3,"column":59}},"3":{"start":{"line":54,"column":0},"end":{"line":54,"column":61}},"4":{"start":{"line":83,"column":0},"end":{"line":83,"column":67}},"5":{"start":{"line":139,"column":0},"end":{"line":139,"column":64}},"6":{"start":{"line":175,"column":0},"end":{"line":175,"column":57}},"7":{"start":{"line":205,"column":0},"end":{"line":205,"column":65}},"8":{"start":{"line":207,"column":0},"end":{"line":207,"column":22}}},"fnMap":{},"branchMap":{},"s":{"0":4,"1":4,"2":4,"3":4,"4":4,"5":4,"6":4,"7":4,"8":4},"f":{},"b":{}}
}
