TN:
SF:src\index.ts
FN:13,(anonymous_1)
FN:14,(anonymous_2)
FN:28,(anonymous_3)
FN:46,(anonymous_4)
FN:50,(anonymous_5)
FN:51,(anonymous_6)
FN:58,(anonymous_7)
FN:59,(anonymous_8)
FN:63,(anonymous_9)
FNF:9
FNH:4
FNDA:4,(anonymous_1)
FNDA:4,(anonymous_2)
FNDA:0,(anonymous_3)
FNDA:4,(anonymous_4)
FNDA:0,(anonymous_5)
FNDA:4,(anonymous_6)
FNDA:0,(anonymous_7)
FNDA:0,(anonymous_8)
FNDA:0,(anonymous_9)
DA:1,4
DA:2,4
DA:3,4
DA:4,4
DA:5,4
DA:6,4
DA:7,4
DA:8,4
DA:9,4
DA:11,4
DA:13,4
DA:14,4
DA:15,4
DA:16,4
DA:18,4
DA:28,4
DA:29,0
DA:30,0
DA:33,4
DA:34,4
DA:35,4
DA:36,4
DA:38,4
DA:39,4
DA:40,0
DA:41,0
DA:44,4
DA:46,4
DA:49,4
DA:50,4
DA:51,4
DA:55,4
DA:56,4
DA:57,0
DA:59,0
DA:60,0
DA:64,0
DA:65,0
DA:69,4
LF:39
LH:30
BRDA:39,0,0,0
BRDA:39,0,1,4
BRDA:55,1,0,4
BRDA:55,1,1,0
BRDA:55,2,0,4
BRDA:55,2,1,4
BRDA:56,3,0,0
BRDA:56,3,1,4
BRF:8
BRH:5
end_of_record
TN:
SF:src\swagger.ts
FNF:0
FNH:0
DA:1,4
DA:2,4
DA:4,4
DA:309,4
DA:311,4
LF:5
LH:5
BRDA:19,0,0,4
BRDA:19,0,1,4
BRF:2
BRH:2
end_of_record
TN:
SF:src\controllers\authController.ts
FN:6,(anonymous_8)
FN:15,(anonymous_9)
FN:39,(anonymous_10)
FN:39,(anonymous_11)
FN:70,(anonymous_12)
FN:70,(anonymous_13)
FN:105,(anonymous_14)
FN:105,(anonymous_15)
FN:130,(anonymous_16)
FN:143,(anonymous_17)
FN:143,(anonymous_18)
FN:160,(anonymous_19)
FNF:12
FNH:12
FNDA:13,(anonymous_8)
FNDA:9,(anonymous_9)
FNDA:11,(anonymous_10)
FNDA:11,(anonymous_11)
FNDA:7,(anonymous_12)
FNDA:7,(anonymous_13)
FNDA:3,(anonymous_14)
FNDA:3,(anonymous_15)
FNDA:2,(anonymous_16)
FNDA:3,(anonymous_17)
FNDA:3,(anonymous_18)
FNDA:1,(anonymous_19)
DA:2,4
DA:3,4
DA:4,4
DA:6,4
DA:7,13
DA:15,4
DA:16,9
DA:17,9
DA:18,9
DA:19,9
DA:25,9
DA:30,9
DA:36,9
DA:39,11
DA:40,11
DA:42,11
DA:43,3
DA:45,8
DA:46,8
DA:48,8
DA:49,1
DA:50,1
DA:54,7
DA:55,7
DA:57,7
DA:59,7
DA:61,7
DA:62,7
DA:64,7
DA:66,0
DA:70,7
DA:71,7
DA:73,7
DA:74,3
DA:77,4
DA:78,4
DA:79,4
DA:80,2
DA:83,2
DA:84,2
DA:85,1
DA:88,1
DA:90,1
DA:91,1
DA:93,1
DA:101,0
DA:105,4
DA:106,3
DA:108,3
DA:109,1
DA:112,2
DA:113,2
DA:114,2
DA:116,1
DA:117,1
DA:118,0
DA:121,1
DA:122,0
DA:123,0
DA:124,0
DA:128,1
DA:129,1
DA:130,2
DA:131,1
DA:133,1
DA:139,1
DA:143,4
DA:144,3
DA:146,3
DA:147,1
DA:150,2
DA:151,2
DA:152,2
DA:154,1
DA:155,1
DA:156,0
DA:160,1
DA:161,1
DA:163,1
DA:165,1
DA:169,4
LF:81
LH:74
BRDA:16,0,0,9
BRDA:16,0,1,9
BRDA:17,1,0,9
BRDA:17,1,1,9
BRDA:18,2,0,9
BRDA:18,2,1,9
BRDA:42,3,0,3
BRDA:42,3,1,8
BRDA:42,4,0,11
BRDA:42,4,1,9
BRDA:48,5,0,1
BRDA:48,5,1,7
BRDA:73,6,0,3
BRDA:73,6,1,4
BRDA:73,7,0,7
BRDA:73,7,1,5
BRDA:79,8,0,2
BRDA:79,8,1,2
BRDA:84,9,0,1
BRDA:84,9,1,1
BRDA:108,10,0,1
BRDA:108,10,1,2
BRDA:113,11,0,2
BRDA:113,11,1,2
BRDA:117,12,0,0
BRDA:117,12,1,1
BRDA:121,13,0,0
BRDA:121,13,1,1
BRDA:146,14,0,1
BRDA:146,14,1,2
BRDA:151,15,0,2
BRDA:151,15,1,2
BRDA:155,16,0,0
BRDA:155,16,1,1
BRF:34
BRH:31
end_of_record
TN:
SF:src\controllers\commentController.ts
FN:6,(anonymous_1)
FNF:1
FNH:1
FNDA:4,(anonymous_1)
DA:1,4
DA:2,4
DA:7,4
DA:11,4
LF:4
LH:4
BRF:0
BRH:0
end_of_record
TN:
SF:src\controllers\genericController.ts
FN:8,(anonymous_7)
FN:12,(anonymous_8)
FN:25,(anonymous_10)
FN:47,(anonymous_12)
FN:77,(anonymous_14)
FN:98,(anonymous_16)
FNF:6
FNH:6
FNDA:12,(anonymous_7)
FNDA:32,(anonymous_8)
FNDA:3,(anonymous_10)
FNDA:7,(anonymous_12)
FNDA:5,(anonymous_14)
FNDA:3,(anonymous_16)
DA:3,4
DA:9,12
DA:13,32
DA:14,32
DA:15,32
DA:16,32
DA:18,0
DA:26,3
DA:27,3
DA:29,3
DA:30,3
DA:34,3
DA:35,1
DA:38,2
DA:40,0
DA:48,7
DA:49,7
DA:50,7
DA:51,3
DA:52,3
DA:53,1
DA:57,2
DA:59,4
DA:60,4
DA:61,1
DA:63,3
DA:66,0
DA:78,5
DA:79,5
DA:80,5
DA:81,5
DA:82,2
DA:84,3
DA:87,0
DA:99,3
DA:100,3
DA:101,3
DA:103,3
DA:104,1
DA:107,2
DA:109,0
DA:120,4
LF:42
LH:37
BRDA:20,0,0,0
BRDA:20,0,1,0
BRDA:34,1,0,1
BRDA:34,1,1,2
BRDA:42,2,0,0
BRDA:42,2,1,0
BRDA:50,3,0,3
BRDA:50,3,1,4
BRDA:52,4,0,1
BRDA:52,4,1,2
BRDA:52,5,0,3
BRDA:52,5,1,3
BRDA:60,6,0,1
BRDA:60,6,1,3
BRDA:60,7,0,4
BRDA:60,7,1,4
BRDA:70,8,0,0
BRDA:70,8,1,0
BRDA:81,9,0,2
BRDA:81,9,1,3
BRDA:91,10,0,0
BRDA:91,10,1,0
BRDA:103,11,0,1
BRDA:103,11,1,2
BRDA:113,12,0,0
BRDA:113,12,1,0
BRF:26
BRH:16
end_of_record
TN:
SF:src\controllers\postController.ts
FN:5,(anonymous_1)
FNF:1
FNH:1
FNDA:4,(anonymous_1)
DA:1,4
DA:2,4
DA:6,4
DA:10,4
LF:4
LH:4
BRF:0
BRH:0
end_of_record
TN:
SF:src\controllers\userController.ts
FN:6,(anonymous_8)
FN:10,(anonymous_9)
FNF:2
FNH:2
FNDA:4,(anonymous_8)
FNDA:1,(anonymous_9)
DA:2,4
DA:3,4
DA:7,4
DA:11,1
DA:12,1
DA:14,1
DA:15,1
DA:16,0
DA:19,1
DA:20,1
DA:25,1
DA:26,0
DA:30,1
DA:38,1
DA:39,0
DA:42,1
DA:44,0
DA:52,4
LF:18
LH:14
BRDA:15,0,0,0
BRDA:15,0,1,1
BRDA:19,1,0,1
BRDA:19,1,1,0
BRDA:25,2,0,0
BRDA:25,2,1,1
BRDA:38,3,0,0
BRDA:38,3,1,1
BRDA:46,4,0,0
BRDA:46,4,1,0
BRF:10
BRH:4
end_of_record
TN:
SF:src\models\commentModel.ts
FNF:0
FNH:0
DA:1,4
DA:10,4
DA:25,4
DA:27,4
LF:4
LH:4
BRF:0
BRH:0
end_of_record
TN:
SF:src\models\postModel.ts
FNF:0
FNH:0
DA:1,4
DA:9,4
DA:20,4
DA:21,4
LF:4
LH:4
BRF:0
BRH:0
end_of_record
TN:
SF:src\models\userModel.ts
FNF:0
FNH:0
DA:1,4
DA:12,4
DA:35,4
DA:36,4
LF:4
LH:4
BRF:0
BRH:0
end_of_record
TN:
SF:src\routes\authRoutes.ts
FNF:0
FNH:0
DA:1,4
DA:2,4
DA:4,4
DA:37,4
DA:63,4
DA:90,4
DA:121,4
DA:123,4
LF:8
LH:8
BRF:0
BRH:0
end_of_record
TN:
SF:src\routes\commentRoutes.ts
FNF:0
FNH:0
DA:1,4
DA:2,4
DA:3,4
DA:34,4
DA:57,4
DA:90,4
DA:121,4
DA:148,4
DA:150,4
LF:9
LH:9
BRF:0
BRH:0
end_of_record
TN:
SF:src\routes\postRoutes.ts
FNF:0
FNH:0
DA:1,4
DA:2,4
DA:4,4
DA:35,4
DA:58,4
DA:91,4
DA:117,4
DA:144,4
DA:146,4
LF:9
LH:9
BRF:0
BRH:0
end_of_record
TN:
SF:src\routes\userRoutes.ts
FNF:0
FNH:0
DA:1,4
DA:2,4
DA:3,4
DA:54,4
DA:83,4
DA:139,4
DA:175,4
DA:205,4
DA:207,4
LF:9
LH:9
BRF:0
BRH:0
end_of_record
